#
# A fatal error has been detected by the Java Runtime Environment:
#
#  SIGSEGV (0xb) at pc=0x000000010eb3d914, pid=32584, tid=17159
#
# JRE version: Java(TM) SE Runtime Environment (8.0_60-b27) (build 1.8.0_60-b27)
# Java VM: Java HotSpot(TM) 64-Bit Server VM (25.60-b23 mixed mode bsd-amd64 compressed oops)
# Problematic frame:
# V  [libjvm.dylib+0x446914]  Method::checked_resolve_jmethod_id(_jmethodID*)+0xe
#
# Failed to write core dump. Core dumps have been disabled. To enable core dumping, try "ulimit -c unlimited" before starting Java again
#
# If you would like to submit a bug report, please visit:
#   http://bugreport.java.com/bugreport/crash.jsp
#

---------------  T H R E A D  ---------------

Current thread (0x00007f9f32016000):  JavaThread "JDWP Transport Listener: dt_socket" daemon [_thread_in_vm, id=17159, stack(0x00007000014c6000,0x00007000015c6000)]

siginfo: si_signo: 11 (SIGSEGV), si_code: 0 (unknown), si_addr: 0x0000000000000000

Registers:
RAX=0x0000000000000001, RBX=0x00007000015c5a8b, RCX=0x000000010ef0c310, RDX=0x00007000015c5a8b
RSP=0x00007000015c59d0, RBP=0x00007000015c59e0, RSI=0x00007f9f32016000, RDI=0x6000000000000000
R8 =0x0000000000000004, R9 =0x000000000000000e, R10=0x00000000ffe00000, R11=0x00000000000000fc
R12=0x00007f9f32016000, R13=0x6000000000000000, R14=0x6000000000000000, R15=0x00007f9f3060c6a0
RIP=0x000000010eb3d914, EFLAGS=0x0000000000010206, ERR=0x0000000000000000
  TRAPNO=0x000000000000000d

Top of Stack: (sp=0x00007000015c59d0)
0x00007000015c59d0:   00007000015c5a8b 00007000015c5a8b
0x00007000015c59e0:   00007000015c5a40 000000010ea4ca0e
0x00007000015c59f0:   00007f9f32016000 0000000000000000
0x00007000015c5a00:   0000700000000000 0000000000000000
0x00007000015c5a10:   00007f9f32016000 00007f9f32016000
0x00007000015c5a20:   00007000015c5a8b 00007000015c5a90
0x00007000015c5a30:   6000000000000000 0000000000000000
0x00007000015c5a40:   00007000015c5a60 000000010f6e4780
0x00007000015c5a50:   0000000000000001 00007000015c5b08
0x00007000015c5a60:   00007000015c5ad0 000000010f6c91f3
0x00007000015c5a70:   00007000015c5aa0 00007f9f307cbc60
0x00007000015c5a80:   0000001e00000032 00007000015c5b08
0x00007000015c5a90:   0000000000000000 0000000000000000
0x00007000015c5aa0:   0000000000000000 00007000015c5c90
0x00007000015c5ab0:   000000010f6ebe7a 00007f9f30765080
0x00007000015c5ac0:   00007000015c5b08 000000010f6f7598
0x00007000015c5ad0:   00007000015c5ae0 000000010f6c92ec
0x00007000015c5ae0:   00007000015c5d00 000000010f6d2898
0x00007000015c5af0:   00007d2800000013 00000000000f0200
0x00007000015c5b00:   00007f9f307ca760 00007000015c5b5c
0x00007000015c5b10:   00007f9f00000128 00007000015c5b20
0x00007000015c5b20:   00007f9f00000004 00007000015c5b58
0x00007000015c5b30:   0000000000000000 0000000000000000
0x00007000015c5b40:   00007d280000000f 0000000000000080
0x00007000015c5b50:   00007000015c5b58 060000001e000000
0x00007000015c5b60:   0000000100002732 7f00001906000000
0x00007000015c5b70:   000000a84c7c309f b92d2a0f00000000
0x00007000015c5b80:   2a7800b500019300 00b500019500b92d
0x00007000015c5b90:   00019700b92d2a7a 9900b92d2a7d00b5
0x00007000015c5ba0:   7220b18000b50001 6d6f726620646165
0x00007000015c5bb0:   736920656c696620 7320746920736120
0x00007000015c5bc0:   656220646c756f68 6974636e75663c2c 

Instructions: (pc=0x000000010eb3d914)
0x000000010eb3d8f4:   40 48 48 85 c0 75 e0 30 c0 0f b6 c0 5d c3 31 c0
0x000000010eb3d904:   5d c3 55 48 89 e5 53 48 83 ec 08 48 85 ff 74 24
0x000000010eb3d914:   48 8b 1f 48 85 db 74 1c 48 83 fb 37 74 16 48 8b
0x000000010eb3d924:   03 48 89 df ff 50 10 84 c0 b8 00 00 00 00 48 0f 

Register to memory mapping:

RAX=0x0000000000000001 is an unknown value
RBX=0x00007000015c5a8b is pointing into the stack for thread: 0x00007f9f32016000
RCX=0x000000010ef0c310: UseMembar+0 in /Library/Java/JavaVirtualMachines/jdk1.8.0_60.jdk/Contents/Home/jre/lib/server/libjvm.dylib at 0x000000010e6f7000
RDX=0x00007000015c5a8b is pointing into the stack for thread: 0x00007f9f32016000
RSP=0x00007000015c59d0 is pointing into the stack for thread: 0x00007f9f32016000
RBP=0x00007000015c59e0 is pointing into the stack for thread: 0x00007f9f32016000
RSI=0x00007f9f32016000 is a thread
RDI=0x6000000000000000 is an unknown value
R8 =0x0000000000000004 is an unknown value
R9 =0x000000000000000e is an unknown value
R10=0x00000000ffe00000 is an unknown value
R11=0x00000000000000fc is an unknown value
R12=0x00007f9f32016000 is a thread
R13=0x6000000000000000 is an unknown value
R14=0x6000000000000000 is an unknown value
R15=0x00007f9f3060c6a0 is an unknown value


Stack: [0x00007000014c6000,0x00007000015c6000],  sp=0x00007000015c59d0,  free space=1022k
Native frames: (J=compiled Java code, j=interpreted, Vv=VM code, C=native code)
V  [libjvm.dylib+0x446914]  Method::checked_resolve_jmethod_id(_jmethodID*)+0xe
V  [libjvm.dylib+0x355a0e]  jvmti_IsMethodSynthetic+0xb2
C  [libjdwp.dylib+0x20780]  isMethodSynthetic+0x63
C  [libjdwp.dylib+0x51f3]  methods1+0x10b
C  [libjdwp.dylib+0x52ec]  methodsWithGeneric+0xe
C  [libjdwp.dylib+0xe898]  debugLoop_run+0x1ce
C  [libjdwp.dylib+0x1f6ba]  attachThread+0x4d
V  [libjvm.dylib+0x396d6c]  JvmtiAgentThread::call_start_function()+0x38
V  [libjvm.dylib+0x5612d3]  JavaThread::thread_main_inner()+0x9b
V  [libjvm.dylib+0x5629ce]  JavaThread::run()+0x1c2
V  [libjvm.dylib+0x48343a]  java_start(Thread*)+0xf6
C  [libsystem_pthread.dylib+0x36c1]  _pthread_body+0x154
C  [libsystem_pthread.dylib+0x356d]  _pthread_body+0x0
C  [libsystem_pthread.dylib+0x2c5d]  thread_start+0xd
C  0x0000000000000000


---------------  P R O C E S S  ---------------

Java Threads: ( => current thread )
  0x00007f9f32b4e000 JavaThread "ScalaTest-dispatcher" [_thread_blocked, id=21251, stack(0x0000700001cde000,0x0000700001dde000)]
  0x00007f9f32013000 JavaThread "Service Thread" daemon [_thread_blocked, id=20227, stack(0x0000700001ad8000,0x0000700001bd8000)]
  0x00007f9f3083b800 JavaThread "C1 CompilerThread2" daemon [_thread_blocked, id=19715, stack(0x00007000019d5000,0x0000700001ad5000)]
  0x00007f9f3083b000 JavaThread "C2 CompilerThread1" daemon [_thread_blocked, id=19203, stack(0x00007000018d2000,0x00007000019d2000)]
  0x00007f9f30841800 JavaThread "C2 CompilerThread0" daemon [_thread_blocked, id=18691, stack(0x00007000017cf000,0x00007000018cf000)]
  0x00007f9f3102d800 JavaThread "JDWP Command Reader" daemon [_thread_in_native, id=18179, stack(0x00007000016cc000,0x00007000017cc000)]
  0x00007f9f31824800 JavaThread "JDWP Event Helper Thread" daemon [_thread_blocked, id=17667, stack(0x00007000015c9000,0x00007000016c9000)]
=>0x00007f9f32016000 JavaThread "JDWP Transport Listener: dt_socket" daemon [_thread_in_vm, id=17159, stack(0x00007000014c6000,0x00007000015c6000)]
  0x00007f9f3180d800 JavaThread "Signal Dispatcher" daemon [_thread_blocked, id=16643, stack(0x00007000013c3000,0x00007000014c3000)]
  0x00007f9f3105c800 JavaThread "Finalizer" daemon [_thread_blocked, id=13059, stack(0x00007000012c0000,0x00007000013c0000)]
  0x00007f9f30833000 JavaThread "Reference Handler" daemon [_thread_blocked, id=12547, stack(0x00007000011bd000,0x00007000012bd000)]
  0x00007f9f3101f800 JavaThread "ScalaTest-run-running-testMidiFileReader" [_thread_blocked, id=6915, stack(0x0000700000bab000,0x0000700000cab000)]

Other Threads:
  0x00007f9f3105c000 VMThread [stack: 0x00007000010ba000,0x00007000011ba000] [id=12035]
  0x00007f9f31063800 WatcherThread [stack: 0x0000700001bdb000,0x0000700001cdb000] [id=20739]

VM state:not at safepoint (normal execution)

VM Mutex/Monitor currently owned by a thread: None

Heap:
 PSYoungGen      total 38400K, used 15148K [0x0000000795580000, 0x0000000798000000, 0x00000007c0000000)
  eden space 33280K, 30% used [0x0000000795580000,0x0000000795f4f240,0x0000000797600000)
  from space 5120K, 99% used [0x0000000797600000,0x0000000797afc040,0x0000000797b00000)
  to   space 5120K, 0% used [0x0000000797b00000,0x0000000797b00000,0x0000000798000000)
 ParOldGen       total 87552K, used 1234K [0x0000000740000000, 0x0000000745580000, 0x0000000795580000)
  object space 87552K, 1% used [0x0000000740000000,0x0000000740134800,0x0000000745580000)
 Metaspace       used 13621K, capacity 14308K, committed 14592K, reserved 1062912K
  class space    used 1826K, capacity 1924K, committed 2048K, reserved 1048576K

Card table byte_map: [0x00000001103c0000,0x00000001107c1000] byte_map_base: 0x000000010c9c0000

Marking Bits: (ParMarkBitMap*) 0x000000010efd5e20
 Begin Bits: [0x0000000110a6c000, 0x0000000112a6c000)
 End Bits:   [0x0000000112a6c000, 0x0000000114a6c000)

Polling page: 0x000000010f6c3000

CodeCache: size=245760Kb used=3542Kb max_used=3559Kb free=242217Kb
 bounds [0x0000000118396000, 0x0000000118716000, 0x0000000127396000]
 total_blobs=1266 nmethods=905 adapters=283
 compilation: enabled

Compilation events (10 events):
Event: 3.996 Thread 0x00007f9f3083b800  900       3       jdk.internal.org.objectweb.asm.ClassWriter::<init> (122 bytes)
Event: 3.997 Thread 0x00007f9f3083b800 nmethod 900 0x00000001187037d0 code [0x00000001187039e0, 0x0000000118704428]
Event: 3.998 Thread 0x00007f9f3083b800  901       3       jdk.internal.org.objectweb.asm.ClassVisitor::<init> (7 bytes)
Event: 3.998 Thread 0x00007f9f3083b800 nmethod 901 0x0000000118706b90 code [0x0000000118706d20, 0x0000000118707088]
Event: 4.002 Thread 0x00007f9f3083b000 nmethod 902 0x000000011870a410 code [0x000000011870a580, 0x000000011870ab38]
Event: 4.089 Thread 0x00007f9f30841800 nmethod 891 0x000000011870e510 code [0x000000011870e800, 0x0000000118710710]
Event: 69.636 Thread 0x00007f9f3083b800  904       3       scala.PartialFunction::$init$ (1 bytes)
Event: 69.636 Thread 0x00007f9f3083b800 nmethod 904 0x0000000118709950 code [0x0000000118709aa0, 0x0000000118709bd0]
Event: 69.636 Thread 0x00007f9f3083b800  905       1       scala.runtime.ScalaRunTime$$anon$1::c (5 bytes)
Event: 69.636 Thread 0x00007f9f3083b800 nmethod 905 0x0000000118709690 code [0x00000001187097e0, 0x00000001187098f0]

GC Heap History (2 events):
Event: 3.668 GC heap before
{Heap before GC invocations=1 (full 0):
 PSYoungGen      total 38400K, used 33280K [0x0000000795580000, 0x0000000798000000, 0x00000007c0000000)
  eden space 33280K, 100% used [0x0000000795580000,0x0000000797600000,0x0000000797600000)
  from space 5120K, 0% used [0x0000000797b00000,0x0000000797b00000,0x0000000798000000)
  to   space 5120K, 0% used [0x0000000797600000,0x0000000797600000,0x0000000797b00000)
 ParOldGen       total 87552K, used 0K [0x0000000740000000, 0x0000000745580000, 0x0000000795580000)
  object space 87552K, 0% used [0x0000000740000000,0x0000000740000000,0x0000000745580000)
 Metaspace       used 11668K, capacity 12150K, committed 12416K, reserved 1060864K
  class space    used 1462K, capacity 1579K, committed 1664K, reserved 1048576K
Event: 3.678 GC heap after
Heap after GC invocations=1 (full 0):
 PSYoungGen      total 38400K, used 5104K [0x0000000795580000, 0x0000000798000000, 0x00000007c0000000)
  eden space 33280K, 0% used [0x0000000795580000,0x0000000795580000,0x0000000797600000)
  from space 5120K, 99% used [0x0000000797600000,0x0000000797afc040,0x0000000797b00000)
  to   space 5120K, 0% used [0x0000000797b00000,0x0000000797b00000,0x0000000798000000)
 ParOldGen       total 87552K, used 1234K [0x0000000740000000, 0x0000000745580000, 0x0000000795580000)
  object space 87552K, 1% used [0x0000000740000000,0x0000000740134800,0x0000000745580000)
 Metaspace       used 11668K, capacity 12150K, committed 12416K, reserved 1060864K
  class space    used 1462K, capacity 1579K, committed 1664K, reserved 1048576K
}

Deoptimization events (8 events):
Event: 2.975 Thread 0x00007f9f3101f800 Uncommon trap: reason=unstable_if action=reinterpret pc=0x00000001185642bc method=sun.misc.MetaIndex.mayContain(Ljava/lang/String;)Z @ 13
Event: 2.976 Thread 0x00007f9f3101f800 Uncommon trap: reason=unstable_if action=reinterpret pc=0x000000011851ed4c method=java.lang.String.indexOf([CII[CIII)I @ 134
Event: 3.514 Thread 0x00007f9f3101f800 Uncommon trap: reason=unloaded action=reinterpret pc=0x000000011866c310 method=sun.misc.URLClassPath$FileLoader.getResource(Ljava/lang/String;Z)Lsun/misc/Resource; @ 142
Event: 3.582 Thread 0x00007f9f3101f800 Uncommon trap: reason=unstable_if action=reinterpret pc=0x000000011860b8c0 method=java.util.HashMap.getNode(ILjava/lang/Object;)Ljava/util/HashMap$Node; @ 62
Event: 3.582 Thread 0x00007f9f3101f800 Uncommon trap: reason=unstable_if action=reinterpret pc=0x00000001185fda34 method=java.util.HashMap.getNode(ILjava/lang/Object;)Ljava/util/HashMap$Node; @ 62
Event: 3.665 Thread 0x00007f9f3101f800 Uncommon trap: reason=unstable_if action=reinterpret pc=0x000000011855a818 method=sun.misc.URLClassPath.getLoader(I)Lsun/misc/URLClassPath$Loader; @ 36
Event: 3.665 Thread 0x00007f9f3101f800 Uncommon trap: reason=unstable_if action=reinterpret pc=0x0000000118556394 method=sun.misc.URLClassPath.getLoader(I)Lsun/misc/URLClassPath$Loader; @ 36
Event: 3.697 Thread 0x00007f9f3101f800 Uncommon trap: reason=unstable_if action=reinterpret pc=0x00000001185f281c method=sun.net.www.ParseUtil.encodePath(Ljava/lang/String;Z)Ljava/lang/String; @ 109

Internal exceptions (10 events):
Event: 3.814 Thread 0x00007f9f3101f800 Exception <a 'java/lang/NoSuchMethodError': java.lang.Object.$anonfun$distinct$1(Lscala/collection/mutable/Builder;Lscala/collection/mutable/HashSet;Ljava/lang/Object;)Ljava/lang/Object;> (0x0000000795874240) thrown at [/Users/java_re/workspace/8-2-build-
Event: 3.834 Thread 0x00007f9f3101f800 Exception <a 'java/lang/NoSuchMethodError': java.lang.Object.$anonfun$toMap$1(Lscala/Predef$$less$colon$less;Lscala/collection/mutable/Builder;Ljava/lang/Object;)Lscala/collection/mutable/Builder;> (0x00000007958dca78) thrown at [/Users/java_re/workspace/
Event: 3.890 Thread 0x00007f9f3101f800 Exception <a 'java/lang/NoSuchMethodError': java.lang.Object.$anonfun$size$1$adapted(Lscala/runtime/IntRef;Ljava/lang/Object;)Ljava/lang/Object;> (0x0000000795a1af78) thrown at [/Users/java_re/workspace/8-2-build-macosx-x86_64/jdk8u60/4407/hotspot/src/sha
Event: 3.898 Thread 0x00007f9f3101f800 Exception <a 'java/lang/NoSuchMethodError': java.lang.Object.$anonfun$run$1(Lorg/scalatest/FunSuiteLike;Lscala/Option;Lorg/scalatest/Args;)Lorg/scalatest/Status;> (0x0000000795af3fb0) thrown at [/Users/java_re/workspace/8-2-build-macosx-x86_64/jdk8u60/440
Event: 3.933 Thread 0x00007f9f3101f800 Exception <a 'java/lang/NoSuchMethodError': java.lang.Object.$anonfun$runTests$1(Lorg/scalatest/FunSuiteLike;Ljava/lang/String;Lorg/scalatest/Args;)Lorg/scalatest/Status;> (0x0000000795be3df0) thrown at [/Users/java_re/workspace/8-2-build-macosx-x86_64/jd
Event: 3.946 Thread 0x00007f9f3101f800 Exception <a 'java/lang/NoSuchMethodError': java.lang.Object.$anonfun$runTest$1(Lorg/scalatest/FunSuiteLike;Ljava/lang/String;Lorg/scalatest/Args;Lorg/scalatest/SuperEngine$TestLeaf;)Lorg/scalatest/Outcome;> (0x0000000795c0d9a0) thrown at [/Users/java_re/
Event: 3.975 Thread 0x00007f9f3101f800 Exception <a 'java/lang/NoSuchMethodError': java.lang.Object.$anonfun$$times$1$adapted(Lscala/collection/immutable/StringLike;Lscala/collection/mutable/StringBuilder;Ljava/lang/Object;)Lscala/collection/mutable/StringBuilder;> (0x0000000795c94a88) thrown 
Event: 3.994 Thread 0x00007f9f3101f800 Exception <a 'java/lang/NoSuchMethodError': java.lang.Object.$anonfun$reverse$1$adapted(Lscala/runtime/ObjectRef;Ljava/lang/Object;)Ljava/lang/Object;> (0x0000000795d17410) thrown at [/Users/java_re/workspace/8-2-build-macosx-x86_64/jdk8u60/4407/hotspot/s
Event: 55.160 Thread 0x00007f9f3101f800 Exception <a 'java/lang/NoSuchMethodError': java.lang.Object.$anonfun$makeString$1(Lorg/scalactic/Bool;Ljava/lang/Object;)Ljava/lang/String;> (0x0000000795dbe058) thrown at [/Users/java_re/workspace/8-2-build-macosx-x86_64/jdk8u60/4407/hotspot/src/share/v
Event: 55.200 Thread 0x00007f9f3101f800 Exception <a 'java/lang/NoSuchMethodError': java.lang.Object.$anonfun$addString$1(Lscala/collection/mutable/StringBuilder;Ljava/lang/String;Lscala/runtime/BooleanRef;Ljava/lang/Object;)Ljava/lang/Object;> (0x0000000795e2ab78) thrown at [/Users/java_re/wor

Events (10 events):
Event: 92.486 Executing VM operation: ChangeBreakpoints
Event: 92.486 Executing VM operation: ChangeBreakpoints done
Event: 103.307 Executing VM operation: ChangeBreakpoints
Event: 103.307 Executing VM operation: ChangeBreakpoints done
Event: 103.308 Executing VM operation: ChangeBreakpoints
Event: 103.308 Executing VM operation: ChangeBreakpoints done
Event: 103.334 Executing VM operation: RedefineClasses
Event: 103.354 Executing VM operation: RedefineClasses done
Event: 103.356 Executing VM operation: GetOrSetLocal
Event: 103.356 Executing VM operation: GetOrSetLocal done


Dynamic libraries:
0x00000000239c9000 	/System/Library/Frameworks/Cocoa.framework/Versions/A/Cocoa
0x00000000239c9000 	/System/Library/Frameworks/Security.framework/Versions/A/Security
0x00000000239c9000 	/System/Library/Frameworks/ApplicationServices.framework/Versions/A/ApplicationServices
0x00000000239c9000 	/usr/lib/libz.1.dylib
0x00000000239c9000 	/usr/lib/libSystem.B.dylib
0x00000000239c9000 	/usr/lib/libobjc.A.dylib
0x00000000239c9000 	/System/Library/Frameworks/CoreFoundation.framework/Versions/A/CoreFoundation
0x00000000239c9000 	/System/Library/Frameworks/Foundation.framework/Versions/C/Foundation
0x00000000239c9000 	/System/Library/Frameworks/AppKit.framework/Versions/C/AppKit
0x00000000239c9000 	/System/Library/Frameworks/CoreData.framework/Versions/A/CoreData
0x00000000239c9000 	/System/Library/PrivateFrameworks/RemoteViewServices.framework/Versions/A/RemoteViewServices
0x00000000239c9000 	/System/Library/PrivateFrameworks/UIFoundation.framework/Versions/A/UIFoundation
0x00000000239c9000 	/System/Library/PrivateFrameworks/DFRFoundation.framework/Versions/A/DFRFoundation
0x00000000239c9000 	/System/Library/Frameworks/Metal.framework/Versions/A/Metal
0x00000000239c9000 	/System/Library/PrivateFrameworks/DesktopServicesPriv.framework/Versions/A/DesktopServicesPriv
0x00000000239c9000 	/usr/lib/libenergytrace.dylib
0x00000000239c9000 	/System/Library/PrivateFrameworks/SkyLight.framework/Versions/A/SkyLight
0x00000000239c9000 	/System/Library/Frameworks/CoreGraphics.framework/Versions/A/CoreGraphics
0x00000000239c9000 	/usr/lib/libScreenReader.dylib
0x00000000239c9000 	/System/Library/Frameworks/Accelerate.framework/Versions/A/Accelerate
0x00000000239c9000 	/System/Library/Frameworks/IOSurface.framework/Versions/A/IOSurface
0x00000000239c9000 	/System/Library/Frameworks/AudioToolbox.framework/Versions/A/AudioToolbox
0x00000000239c9000 	/System/Library/Frameworks/AudioUnit.framework/Versions/A/AudioUnit
0x00000000239c9000 	/System/Library/PrivateFrameworks/DataDetectorsCore.framework/Versions/A/DataDetectorsCore
0x00000000239c9000 	/System/Library/Frameworks/Carbon.framework/Versions/A/Frameworks/HIToolbox.framework/Versions/A/HIToolbox
0x00000000239c9000 	/usr/lib/libicucore.A.dylib
0x00000000239c9000 	/System/Library/Frameworks/QuartzCore.framework/Versions/A/QuartzCore
0x00000000239c9000 	/System/Library/Frameworks/Carbon.framework/Versions/A/Frameworks/SpeechRecognition.framework/Versions/A/SpeechRecognition
0x00000000239c9000 	/usr/lib/libauto.dylib
0x00000000239c9000 	/usr/lib/libxml2.2.dylib
0x00000000239c9000 	/System/Library/PrivateFrameworks/CoreUI.framework/Versions/A/CoreUI
0x00000000239c9000 	/System/Library/Frameworks/CoreAudio.framework/Versions/A/CoreAudio
0x00000000239c9000 	/System/Library/Frameworks/DiskArbitration.framework/Versions/A/DiskArbitration
0x00000000239c9000 	/usr/lib/liblangid.dylib
0x00000000239c9000 	/System/Library/PrivateFrameworks/MultitouchSupport.framework/Versions/A/MultitouchSupport
0x00000000239c9000 	/System/Library/Frameworks/IOKit.framework/Versions/A/IOKit
0x00000000239c9000 	/usr/lib/libDiagnosticMessagesClient.dylib
0x00000000239c9000 	/System/Library/Frameworks/CoreServices.framework/Versions/A/CoreServices
0x00000000239c9000 	/System/Library/PrivateFrameworks/PerformanceAnalysis.framework/Versions/A/PerformanceAnalysis
0x00000000239c9000 	/System/Library/Frameworks/OpenGL.framework/Versions/A/OpenGL
0x00000000239c9000 	/System/Library/Frameworks/ColorSync.framework/Versions/A/ColorSync
0x00000000239c9000 	/System/Library/Frameworks/CoreImage.framework/Versions/A/CoreImage
0x00000000239c9000 	/System/Library/Frameworks/CoreText.framework/Versions/A/CoreText
0x00000000239c9000 	/System/Library/Frameworks/ImageIO.framework/Versions/A/ImageIO
0x00000000239c9000 	/System/Library/PrivateFrameworks/Backup.framework/Versions/A/Backup
0x00000000239c9000 	/usr/lib/libarchive.2.dylib
0x00000000239c9000 	/System/Library/Frameworks/CFNetwork.framework/Versions/A/CFNetwork
0x00000000239c9000 	/System/Library/Frameworks/SystemConfiguration.framework/Versions/A/SystemConfiguration
0x00000000239c9000 	/usr/lib/libCRFSuite.dylib
0x00000000239c9000 	/usr/lib/libc++.1.dylib
0x00000000239c9000 	/usr/lib/libc++abi.dylib
0x00000000239c9000 	/usr/lib/system/libcache.dylib
0x00000000239c9000 	/usr/lib/system/libcommonCrypto.dylib
0x00000000239c9000 	/usr/lib/system/libcompiler_rt.dylib
0x00000000239c9000 	/usr/lib/system/libcopyfile.dylib
0x00000000239c9000 	/usr/lib/system/libcorecrypto.dylib
0x00000000239c9000 	/usr/lib/system/libdispatch.dylib
0x00000000239c9000 	/usr/lib/system/libdyld.dylib
0x00000000239c9000 	/usr/lib/system/libkeymgr.dylib
0x00000000239c9000 	/usr/lib/system/liblaunch.dylib
0x00000000239c9000 	/usr/lib/system/libmacho.dylib
0x00000000239c9000 	/usr/lib/system/libquarantine.dylib
0x00000000239c9000 	/usr/lib/system/libremovefile.dylib
0x00000000239c9000 	/usr/lib/system/libsystem_asl.dylib
0x00000000239c9000 	/usr/lib/system/libsystem_blocks.dylib
0x00000000239c9000 	/usr/lib/system/libsystem_c.dylib
0x00000000239c9000 	/usr/lib/system/libsystem_configuration.dylib
0x00000000239c9000 	/usr/lib/system/libsystem_coreservices.dylib
0x00000000239c9000 	/usr/lib/system/libsystem_darwin.dylib
0x00000000239c9000 	/usr/lib/system/libsystem_dnssd.dylib
0x00000000239c9000 	/usr/lib/system/libsystem_info.dylib
0x00000000239c9000 	/usr/lib/system/libsystem_m.dylib
0x00000000239c9000 	/usr/lib/system/libsystem_malloc.dylib
0x00000000239c9000 	/usr/lib/system/libsystem_network.dylib
0x00000000239c9000 	/usr/lib/system/libsystem_networkextension.dylib
0x00000000239c9000 	/usr/lib/system/libsystem_notify.dylib
0x00000000239c9000 	/usr/lib/system/libsystem_sandbox.dylib
0x00000000239c9000 	/usr/lib/system/libsystem_secinit.dylib
0x00000000239c9000 	/usr/lib/system/libsystem_kernel.dylib
0x00000000239c9000 	/usr/lib/system/libsystem_platform.dylib
0x00000000239c9000 	/usr/lib/system/libsystem_pthread.dylib
0x00000000239c9000 	/usr/lib/system/libsystem_symptoms.dylib
0x00000000239c9000 	/usr/lib/system/libsystem_trace.dylib
0x00000000239c9000 	/usr/lib/system/libunwind.dylib
0x00000000239c9000 	/usr/lib/system/libxpc.dylib
0x00000000239c9000 	/usr/lib/closure/libclosured.dylib
0x00000000239c9000 	/usr/lib/libbsm.0.dylib
0x00000000239c9000 	/usr/lib/system/libkxld.dylib
0x00000000239c9000 	/usr/lib/libOpenScriptingUtil.dylib
0x00000000239c9000 	/usr/lib/libcoretls.dylib
0x00000000239c9000 	/usr/lib/libcoretls_cfhelpers.dylib
0x00000000239c9000 	/usr/lib/libpam.2.dylib
0x00000000239c9000 	/usr/lib/libsqlite3.dylib
0x00000000239c9000 	/usr/lib/libxar.1.dylib
0x00000000239c9000 	/usr/lib/libbz2.1.0.dylib
0x00000000239c9000 	/usr/lib/liblzma.5.dylib
0x00000000239c9000 	/usr/lib/libnetwork.dylib
0x00000000239c9000 	/usr/lib/libapple_nghttp2.dylib
0x00000000239c9000 	/usr/lib/libpcap.A.dylib
0x00000000239c9000 	/usr/lib/libboringssl.dylib
0x00000000239c9000 	/usr/lib/libusrtcp.dylib
0x00000000239c9000 	/usr/lib/libapple_crypto.dylib
0x00000000239c9000 	/System/Library/Frameworks/CoreServices.framework/Versions/A/Frameworks/FSEvents.framework/Versions/A/FSEvents
0x00000000239c9000 	/System/Library/Frameworks/CoreServices.framework/Versions/A/Frameworks/CarbonCore.framework/Versions/A/CarbonCore
0x00000000239c9000 	/System/Library/Frameworks/CoreServices.framework/Versions/A/Frameworks/Metadata.framework/Versions/A/Metadata
0x00000000239c9000 	/System/Library/Frameworks/CoreServices.framework/Versions/A/Frameworks/OSServices.framework/Versions/A/OSServices
0x00000000239c9000 	/System/Library/Frameworks/CoreServices.framework/Versions/A/Frameworks/SearchKit.framework/Versions/A/SearchKit
0x00000000239c9000 	/System/Library/Frameworks/CoreServices.framework/Versions/A/Frameworks/AE.framework/Versions/A/AE
0x00000000239c9000 	/System/Library/Frameworks/CoreServices.framework/Versions/A/Frameworks/LaunchServices.framework/Versions/A/LaunchServices
0x00000000239c9000 	/System/Library/Frameworks/CoreServices.framework/Versions/A/Frameworks/DictionaryServices.framework/Versions/A/DictionaryServices
0x00000000239c9000 	/System/Library/Frameworks/CoreServices.framework/Versions/A/Frameworks/SharedFileList.framework/Versions/A/SharedFileList
0x00000000239c9000 	/System/Library/Frameworks/NetFS.framework/Versions/A/NetFS
0x00000000239c9000 	/System/Library/PrivateFrameworks/NetAuth.framework/Versions/A/NetAuth
0x00000000239c9000 	/System/Library/PrivateFrameworks/login.framework/Versions/A/Frameworks/loginsupport.framework/Versions/A/loginsupport
0x00000000239c9000 	/System/Library/PrivateFrameworks/TCC.framework/Versions/A/TCC
0x00000000239c9000 	/usr/lib/libmecabra.dylib
0x00000000239c9000 	/System/Library/Frameworks/ApplicationServices.framework/Versions/A/Frameworks/ATS.framework/Versions/A/ATS
0x00000000239c9000 	/System/Library/Frameworks/ApplicationServices.framework/Versions/A/Frameworks/ColorSyncLegacy.framework/Versions/A/ColorSyncLegacy
0x00000000239c9000 	/System/Library/Frameworks/ApplicationServices.framework/Versions/A/Frameworks/HIServices.framework/Versions/A/HIServices
0x00000000239c9000 	/System/Library/Frameworks/ApplicationServices.framework/Versions/A/Frameworks/LangAnalysis.framework/Versions/A/LangAnalysis
0x00000000239c9000 	/System/Library/Frameworks/ApplicationServices.framework/Versions/A/Frameworks/PrintCore.framework/Versions/A/PrintCore
0x00000000239c9000 	/System/Library/Frameworks/ApplicationServices.framework/Versions/A/Frameworks/QD.framework/Versions/A/QD
0x00000000239c9000 	/System/Library/Frameworks/ApplicationServices.framework/Versions/A/Frameworks/SpeechSynthesis.framework/Versions/A/SpeechSynthesis
0x00000000239c9000 	/System/Library/Frameworks/CoreDisplay.framework/Versions/A/CoreDisplay
0x00000000239c9000 	/System/Library/Frameworks/Accelerate.framework/Versions/A/Frameworks/vImage.framework/Versions/A/vImage
0x00000000239c9000 	/System/Library/Frameworks/Accelerate.framework/Versions/A/Frameworks/vecLib.framework/Versions/A/vecLib
0x00000000239c9000 	/System/Library/Frameworks/Accelerate.framework/Versions/A/Frameworks/vecLib.framework/Versions/A/libvDSP.dylib
0x00000000239c9000 	/System/Library/Frameworks/Accelerate.framework/Versions/A/Frameworks/vecLib.framework/Versions/A/libBNNS.dylib
0x00000000239c9000 	/System/Library/Frameworks/Accelerate.framework/Versions/A/Frameworks/vecLib.framework/Versions/A/libQuadrature.dylib
0x00000000239c9000 	/System/Library/Frameworks/Accelerate.framework/Versions/A/Frameworks/vecLib.framework/Versions/A/libvMisc.dylib
0x00000000239c9000 	/System/Library/Frameworks/Accelerate.framework/Versions/A/Frameworks/vecLib.framework/Versions/A/libLAPACK.dylib
0x00000000239c9000 	/System/Library/Frameworks/Accelerate.framework/Versions/A/Frameworks/vecLib.framework/Versions/A/libBLAS.dylib
0x00000000239c9000 	/System/Library/Frameworks/Accelerate.framework/Versions/A/Frameworks/vecLib.framework/Versions/A/libLinearAlgebra.dylib
0x00000000239c9000 	/System/Library/Frameworks/Accelerate.framework/Versions/A/Frameworks/vecLib.framework/Versions/A/libSparse.dylib
0x00000000239c9000 	/System/Library/Frameworks/Accelerate.framework/Versions/A/Frameworks/vecLib.framework/Versions/A/libSparseBLAS.dylib
0x00000000239c9000 	/System/Library/PrivateFrameworks/IOAccelerator.framework/Versions/A/IOAccelerator
0x00000000239c9000 	/System/Library/PrivateFrameworks/IOPresentment.framework/Versions/A/IOPresentment
0x00000000239c9000 	/System/Library/PrivateFrameworks/DSExternalDisplay.framework/Versions/A/DSExternalDisplay
0x00000000239c9000 	/System/Library/Frameworks/OpenGL.framework/Versions/A/Libraries/libCoreFSCache.dylib
0x00000000239c9000 	/System/Library/Frameworks/CoreVideo.framework/Versions/A/CoreVideo
0x00000000239c9000 	/System/Library/PrivateFrameworks/GraphVisualizer.framework/Versions/A/GraphVisualizer
0x00000000239c9000 	/System/Library/Frameworks/MetalPerformanceShaders.framework/Versions/A/MetalPerformanceShaders
0x00000000239c9000 	/usr/lib/libFosl_dynamic.dylib
0x00000000239c9000 	/System/Library/PrivateFrameworks/FaceCore.framework/Versions/A/FaceCore
0x00000000239c9000 	/System/Library/Frameworks/OpenCL.framework/Versions/A/OpenCL
0x00000000239c9000 	/usr/lib/libcompression.dylib
0x00000000239c9000 	/System/Library/Frameworks/ApplicationServices.framework/Versions/A/Frameworks/ATS.framework/Versions/A/Resources/libFontParser.dylib
0x00000000239c9000 	/System/Library/Frameworks/ApplicationServices.framework/Versions/A/Frameworks/ATS.framework/Versions/A/Resources/libFontRegistry.dylib
0x00000000239c9000 	/System/Library/Frameworks/ImageIO.framework/Versions/A/Resources/libJPEG.dylib
0x00000000239c9000 	/System/Library/Frameworks/ImageIO.framework/Versions/A/Resources/libTIFF.dylib
0x00000000239c9000 	/System/Library/Frameworks/ImageIO.framework/Versions/A/Resources/libPng.dylib
0x00000000239c9000 	/System/Library/Frameworks/ImageIO.framework/Versions/A/Resources/libGIF.dylib
0x00000000239c9000 	/System/Library/Frameworks/ImageIO.framework/Versions/A/Resources/libJP2.dylib
0x00000000239c9000 	/System/Library/Frameworks/ImageIO.framework/Versions/A/Resources/libRadiance.dylib
0x00000000239c9000 	/System/Library/PrivateFrameworks/AppleJPEG.framework/Versions/A/AppleJPEG
0x00000000239c9000 	/System/Library/PrivateFrameworks/MetalTools.framework/Versions/A/MetalTools
0x00000000239c9000 	/System/Library/Frameworks/MetalPerformanceShaders.framework/Frameworks/MPSCore.framework/Versions/A/MPSCore
0x00000000239c9000 	/System/Library/Frameworks/MetalPerformanceShaders.framework/Frameworks/MPSImage.framework/Versions/A/MPSImage
0x00000000239c9000 	/System/Library/Frameworks/MetalPerformanceShaders.framework/Frameworks/MPSMatrix.framework/Versions/A/MPSMatrix
0x00000000239c9000 	/System/Library/Frameworks/MetalPerformanceShaders.framework/Frameworks/MPSNeuralNetwork.framework/Versions/A/MPSNeuralNetwork
0x00000000239c9000 	/System/Library/Frameworks/OpenGL.framework/Versions/A/Libraries/libGLU.dylib
0x00000000239c9000 	/System/Library/Frameworks/OpenGL.framework/Versions/A/Libraries/libGFXShared.dylib
0x00000000239c9000 	/System/Library/Frameworks/OpenGL.framework/Versions/A/Libraries/libGL.dylib
0x00000000239c9000 	/System/Library/Frameworks/OpenGL.framework/Versions/A/Libraries/libGLImage.dylib
0x00000000239c9000 	/System/Library/Frameworks/OpenGL.framework/Versions/A/Libraries/libCVMSPluginSupport.dylib
0x00000000239c9000 	/System/Library/Frameworks/OpenGL.framework/Versions/A/Libraries/libCoreVMClient.dylib
0x00000000239c9000 	/usr/lib/libcups.2.dylib
0x00000000239c9000 	/System/Library/Frameworks/Kerberos.framework/Versions/A/Kerberos
0x00000000239c9000 	/System/Library/Frameworks/GSS.framework/Versions/A/GSS
0x00000000239c9000 	/usr/lib/libresolv.9.dylib
0x00000000239c9000 	/usr/lib/libiconv.2.dylib
0x00000000239c9000 	/System/Library/PrivateFrameworks/Heimdal.framework/Versions/A/Heimdal
0x00000000239c9000 	/usr/lib/libheimdal-asn1.dylib
0x00000000239c9000 	/System/Library/Frameworks/OpenDirectory.framework/Versions/A/OpenDirectory
0x00000000239c9000 	/System/Library/PrivateFrameworks/CommonAuth.framework/Versions/A/CommonAuth
0x00000000239c9000 	/System/Library/Frameworks/OpenDirectory.framework/Versions/A/Frameworks/CFOpenDirectory.framework/Versions/A/CFOpenDirectory
0x00000000239c9000 	/System/Library/Frameworks/SecurityFoundation.framework/Versions/A/SecurityFoundation
0x00000000239c9000 	/System/Library/PrivateFrameworks/APFS.framework/Versions/A/APFS
0x00000000239c9000 	/usr/lib/libutil.dylib
0x00000000239c9000 	/System/Library/PrivateFrameworks/AppleSauce.framework/Versions/A/AppleSauce
0x00000000239c9000 	/System/Library/PrivateFrameworks/LinguisticData.framework/Versions/A/LinguisticData
0x00000000239c9000 	/usr/lib/libmarisa.dylib
0x00000000239c9000 	/System/Library/PrivateFrameworks/Lexicon.framework/Versions/A/Lexicon
0x00000000239c9000 	/usr/lib/libChineseTokenizer.dylib
0x00000000239c9000 	/usr/lib/libcmph.dylib
0x00000000239c9000 	/System/Library/PrivateFrameworks/LanguageModeling.framework/Versions/A/LanguageModeling
0x00000000239c9000 	/System/Library/PrivateFrameworks/CoreEmoji.framework/Versions/A/CoreEmoji
0x00000000239c9000 	/System/Library/Frameworks/ServiceManagement.framework/Versions/A/ServiceManagement
0x00000000239c9000 	/System/Library/PrivateFrameworks/BackgroundTaskManagement.framework/Versions/A/BackgroundTaskManagement
0x00000000239c9000 	/usr/lib/libxslt.1.dylib
0x00000000239c9000 	/System/Library/Frameworks/Carbon.framework/Versions/A/Frameworks/Ink.framework/Versions/A/Ink
0x00000000239c9000 	/System/Library/PrivateFrameworks/TextureIO.framework/Versions/A/TextureIO
0x00000000239c9000 	/usr/lib/libate.dylib
0x00000000239c9000 	/System/Library/PrivateFrameworks/CrashReporterSupport.framework/Versions/A/CrashReporterSupport
0x00000000239c9000 	/System/Library/PrivateFrameworks/Sharing.framework/Versions/A/Sharing
0x00000000239c9000 	/System/Library/PrivateFrameworks/IconServices.framework/Versions/A/IconServices
0x00000000239c9000 	/System/Library/PrivateFrameworks/ProtocolBuffer.framework/Versions/A/ProtocolBuffer
0x00000000239c9000 	/System/Library/PrivateFrameworks/Apple80211.framework/Versions/A/Apple80211
0x00000000239c9000 	/System/Library/Frameworks/CoreWLAN.framework/Versions/A/CoreWLAN
0x00000000239c9000 	/System/Library/PrivateFrameworks/CoreUtils.framework/Versions/A/CoreUtils
0x00000000239c9000 	/System/Library/Frameworks/IOBluetooth.framework/Versions/A/IOBluetooth
0x00000000239c9000 	/System/Library/PrivateFrameworks/CoreWiFi.framework/Versions/A/CoreWiFi
0x00000000239c9000 	/System/Library/Frameworks/CoreBluetooth.framework/Versions/A/CoreBluetooth
0x00000000239c9000 	/System/Library/PrivateFrameworks/SignpostNotification.framework/Versions/A/SignpostNotification
0x00000000239c9000 	/System/Library/PrivateFrameworks/DebugSymbols.framework/Versions/A/DebugSymbols
0x00000000239c9000 	/System/Library/PrivateFrameworks/CoreSymbolication.framework/Versions/A/CoreSymbolication
0x00000000239c9000 	/System/Library/PrivateFrameworks/Symbolication.framework/Versions/A/Symbolication
0x00000000239c9000 	/System/Library/PrivateFrameworks/AppleFSCompression.framework/Versions/A/AppleFSCompression
0x00000000239c9000 	/System/Library/PrivateFrameworks/SpeechRecognitionCore.framework/Versions/A/SpeechRecognitionCore
0x000000010e6f7000 	/Library/Java/JavaVirtualMachines/jdk1.8.0_60.jdk/Contents/Home/jre/lib/server/libjvm.dylib
0x00000000239c9000 	/usr/lib/libstdc++.6.0.9.dylib
0x000000010f680000 	/Library/Java/JavaVirtualMachines/jdk1.8.0_60.jdk/Contents/Home/jre/lib/libverify.dylib
0x000000010f68e000 	/Library/Java/JavaVirtualMachines/jdk1.8.0_60.jdk/Contents/Home/jre/lib/libjava.dylib
0x000000010f6c4000 	/Library/Java/JavaVirtualMachines/jdk1.8.0_60.jdk/Contents/Home/jre/lib/libjdwp.dylib
0x000000010f70f000 	/Library/Java/JavaVirtualMachines/jdk1.8.0_60.jdk/Contents/Home/jre/lib/libnpt.dylib
0x000000010f75c000 	/Library/Java/JavaVirtualMachines/jdk1.8.0_60.jdk/Contents/Home/jre/lib/libzip.dylib
0x00000000239c9000 	/System/Library/Frameworks/JavaVM.framework/Versions/A/Frameworks/JavaRuntimeSupport.framework/Versions/A/JavaRuntimeSupport
0x00000000239c9000 	/System/Library/Frameworks/JavaVM.framework/Versions/A/Frameworks/JavaNativeFoundation.framework/Versions/A/JavaNativeFoundation
0x00000000239c9000 	/System/Library/Frameworks/JavaVM.framework/Versions/A/JavaVM
0x00000000239c9000 	/System/Library/Frameworks/Carbon.framework/Versions/A/Carbon
0x00000000239c9000 	/System/Library/PrivateFrameworks/JavaLaunching.framework/Versions/A/JavaLaunching
0x00000000239c9000 	/System/Library/Frameworks/Carbon.framework/Versions/A/Frameworks/CommonPanels.framework/Versions/A/CommonPanels
0x00000000239c9000 	/System/Library/Frameworks/Carbon.framework/Versions/A/Frameworks/Help.framework/Versions/A/Help
0x00000000239c9000 	/System/Library/Frameworks/Carbon.framework/Versions/A/Frameworks/ImageCapture.framework/Versions/A/ImageCapture
0x00000000239c9000 	/System/Library/Frameworks/Carbon.framework/Versions/A/Frameworks/OpenScripting.framework/Versions/A/OpenScripting
0x00000000239c9000 	/System/Library/Frameworks/Carbon.framework/Versions/A/Frameworks/Print.framework/Versions/A/Print
0x00000000239c9000 	/System/Library/Frameworks/Carbon.framework/Versions/A/Frameworks/SecurityHI.framework/Versions/A/SecurityHI
0x000000011824a000 	/Library/Java/JavaVirtualMachines/jdk1.8.0_60.jdk/Contents/Home/jre/lib/libdt_socket.dylib

VM Arguments:
jvm_args: -agentlib:jdwp=transport=dt_socket,address=127.0.0.1:61340,suspend=y,server=n -Dfile.encoding=UTF-8 
java_command: org.jetbrains.plugins.scala.testingSupport.scalaTest.ScalaTestRunner -s generativeHarmoniser.src.test.scala.testMidiFileReader -testName testing data read from file is as it should be -C org.jetbrains.plugins.scala.testingSupport.scalaTest.ScalaTestReporter -showProgressMessages true
java_class_path (initial): /Users/annieoneill/Library/Application Support/IdeaIC2017.2/Scala/lib/scala-plugin-runners.jar:/Library/Java/JavaVirtualMachines/jdk1.8.0_60.jdk/Contents/Home/jre/lib/charsets.jar:/Library/Java/JavaVirtualMachines/jdk1.8.0_60.jdk/Contents/Home/jre/lib/deploy.jar:/Library/Java/JavaVirtualMachines/jdk1.8.0_60.jdk/Contents/Home/jre/lib/ext/cldrdata.jar:/Library/Java/JavaVirtualMachines/jdk1.8.0_60.jdk/Contents/Home/jre/lib/ext/dnsns.jar:/Library/Java/JavaVirtualMachines/jdk1.8.0_60.jdk/Contents/Home/jre/lib/ext/jaccess.jar:/Library/Java/JavaVirtualMachines/jdk1.8.0_60.jdk/Contents/Home/jre/lib/ext/jfxrt.jar:/Library/Java/JavaVirtualMachines/jdk1.8.0_60.jdk/Contents/Home/jre/lib/ext/localedata.jar:/Library/Java/JavaVirtualMachines/jdk1.8.0_60.jdk/Contents/Home/jre/lib/ext/nashorn.jar:/Library/Java/JavaVirtualMachines/jdk1.8.0_60.jdk/Contents/Home/jre/lib/ext/sunec.jar:/Library/Java/JavaVirtualMachines/jdk1.8.0_60.jdk/Contents/Home/jre/lib/ext/sunjce_provider.jar:/Library/Java/JavaVirtualMachines/jdk1.8.0_60.jdk/Contents/Home/jre/lib/ext/sunpkcs11.jar:/Library/Java/JavaVirtualMachines/jdk1.8.0_60.jdk/Contents/Home/jre/lib/ext/zipfs.jar:/Library/Java/JavaVirtualMachines/jdk1.8.0_60.jdk/Contents/Home/jre/lib/javaws.jar:/Library/Java/JavaVirtualMachines/jdk1.8.0_60.jdk/Contents/Home/jre/lib/jce.jar:/Library/Java/JavaVirtualMachines/jdk1.8.0_60.jdk/Contents/Home/jre/lib/jfr.jar:/Library/Java/JavaVirtualMachines/jdk1.8.0_60.jdk/Contents/Home/jre/lib/jfxswt.jar:/Library/Java/JavaVirtualMachines/jdk1.8.0_60.jdk/Contents/Home/jre/lib/jsse.jar:/Library/Java/JavaVirtualMachines/jdk1.8.0_60.jdk/Contents/Home/jre/lib/management-agent.jar:/Library/Java/JavaVirtualMachines/jdk1.8.0_60.jdk/Contents/Home/jre/lib/plugin.jar:/Library/Java/JavaVirtualMachines/jdk1.8.0_60.jdk/Contents/Home/jre/lib/resources.jar:/Library/Java/JavaVirtualMachines/jdk1.8.0_60.jdk/Contents/Home/jre/lib/rt.jar:/Library/Java/JavaVirtualMachines/jdk1.8.0_60.jdk/Contents/Home/lib/ant-ja
Launcher Type: SUN_STANDARD

Environment Variables:
PATH=/Users/annieoneill/anaconda/bin:/Library/Frameworks/Python.framework/Versions/3.6/bin:/opt/local/bin:/opt/local/sbin:/usr/local/bin:/usr/bin:/bin:/usr/sbin:/sbin:/Library/TeX/texbin:/Library/Frameworks/Mono.framework/Versions/Current/Commands
SHELL=/bin/bash

Signal Handlers:
SIGSEGV: [libjvm.dylib+0x5a6d31], sa_mask[0]=11111111011111110111111111111111, sa_flags=SA_ONSTACK|SA_RESTART|SA_SIGINFO
SIGBUS: [libjvm.dylib+0x5a6d31], sa_mask[0]=11111111011111110111111111111111, sa_flags=SA_RESTART|SA_SIGINFO
SIGFPE: [libjvm.dylib+0x480a4c], sa_mask[0]=11111111011111110111111111111111, sa_flags=SA_RESTART|SA_SIGINFO
SIGPIPE: [libjvm.dylib+0x480a4c], sa_mask[0]=11111111011111110111111111111111, sa_flags=SA_RESTART|SA_SIGINFO
SIGXFSZ: [libjvm.dylib+0x480a4c], sa_mask[0]=11111111011111110111111111111111, sa_flags=SA_RESTART|SA_SIGINFO
SIGILL: [libjvm.dylib+0x480a4c], sa_mask[0]=11111111011111110111111111111111, sa_flags=SA_RESTART|SA_SIGINFO
SIGUSR1: SIG_DFL, sa_mask[0]=00000000000000000000000000000000, sa_flags=none
SIGUSR2: [libjvm.dylib+0x48056a], sa_mask[0]=00100000000000000000000000000000, sa_flags=SA_RESTART|SA_SIGINFO
SIGHUP: [libjvm.dylib+0x47eb41], sa_mask[0]=11111111011111110111111111111111, sa_flags=SA_RESTART|SA_SIGINFO
SIGINT: [libjvm.dylib+0x47eb41], sa_mask[0]=11111111011111110111111111111111, sa_flags=SA_RESTART|SA_SIGINFO
SIGTERM: [libjvm.dylib+0x47eb41], sa_mask[0]=11111111011111110111111111111111, sa_flags=SA_RESTART|SA_SIGINFO
SIGQUIT: [libjvm.dylib+0x47eb41], sa_mask[0]=11111111011111110111111111111111, sa_flags=SA_RESTART|SA_SIGINFO


---------------  S Y S T E M  ---------------

OS:Bsduname:Darwin 17.0.0 Darwin Kernel Version 17.0.0: Thu Aug 24 21:48:19 PDT 2017; root:xnu-4570.1.46~2/RELEASE_X86_64 x86_64
rlimit: STACK 8192k, CORE 0k, NPROC 709, NOFILE 10240, AS infinity
load average:5.30 4.62 5.55

CPU:total 4 (2 cores per cpu, 2 threads per core) family 6 model 69 stepping 1, cmov, cx8, fxsr, mmx, sse, sse2, sse3, ssse3, sse4.1, sse4.2, popcnt, avx, avx2, aes, clmul, erms, lzcnt, ht, tsc, tscinvbit, bmi1, bmi2

Memory: 4k page, physical 8388608k(776608k free)

/proc/meminfo:


vm_info: Java HotSpot(TM) 64-Bit Server VM (25.60-b23) for bsd-amd64 JRE (1.8.0_60-b27), built on Aug  4 2015 10:47:24 by "java_re" with gcc 4.2.1 (Based on Apple Inc. build 5658) (LLVM build 2336.11.00)

time: Fri Nov 24 09:07:24 2017
elapsed time: 103 seconds (0d 0h 1m 43s)

